<?xml version="1.0" encoding="UTF-8"?>
<!-- Generated by org.testng.reporters.JUnitReportReporter -->
<testsuite name="NopCommerce.TC_03" tests="1" time="26.721" ignored="0" failures="0" timestamp="11 Dec 2019 06:29:10 GMT" skipped="0" hostname="LAPTOP-NPKL4J2B" errors="0">
  <testcase name="test" time="26.721" classname="NopCommerce.TC_03"/>
</testsuite> <!-- NopCommerce.TC_03 -->
