<?xml version="1.0" encoding="UTF-8"?>
<!-- Generated by org.testng.reporters.JUnitReportReporter -->
<testsuite name="NopCommerce.TC_02" tests="1" time="20.880" ignored="0" failures="0" timestamp="10 Dec 2019 06:50:56 GMT" skipped="0" hostname="LAPTOP-NPKL4J2B" errors="0">
  <testcase name="test" time="20.880" classname="NopCommerce.TC_02"/>
</testsuite> <!-- NopCommerce.TC_02 -->
