<?xml version="1.0" encoding="UTF-8"?>
<!-- Generated by org.testng.reporters.JUnitReportReporter -->
<testsuite name="NopCommerce.TC_01" tests="1" time="22.859" ignored="0" failures="0" timestamp="10 Dec 2019 06:20:57 GMT" skipped="0" hostname="LAPTOP-NPKL4J2B" errors="0">
  <testcase name="test" time="22.859" classname="NopCommerce.TC_01"/>
</testsuite> <!-- NopCommerce.TC_01 -->
